<?xml version="1.0" encoding="UTF-8"?>
<!-- Generated by org.testng.reporters.JUnitReportReporter -->
<testsuite hostname="Safetychain4-PC" failures="0" tests="1" name="TestCases.TCG_Flipkart" time="62.428" errors="0" timestamp="2024-05-03T02:25:16 IST" skipped="0">
  <testcase classname="TestCases.TCG_Flipkart" name="navigateFlipkart" time="62.428"/>
  <system-out/>
</testsuite> <!-- TestCases.TCG_Flipkart -->
